[0.012s] Invoking command in '/home/admin/Documents/ROS2/C3_4/build/status_display': CMAKE_PREFIX_PATH=/home/admin/Documents/ROS2/C3_4/install/status_interfaces:/home/admin/Documents/ROS2/C3_4/install/status_display:/home/admin/Documents/ROS2/C3_4/install/status_publisher:/opt/ros/humble /usr/bin/cmake --build /home/admin/Documents/ROS2/C3_4/build/status_display -- -j8 -l8
[0.045s] -- Found ament_cmake: 1.3.11 (/opt/ros/humble/share/ament_cmake/cmake)
[0.284s] -- Found rclcpp: 16.0.11 (/opt/ros/humble/share/rclcpp/cmake)
[0.325s] -- Found rosidl_generator_c: 3.1.6 (/opt/ros/humble/share/rosidl_generator_c/cmake)
[0.328s] -- Found rosidl_adapter: 3.1.6 (/opt/ros/humble/share/rosidl_adapter/cmake)
[0.335s] -- Found rosidl_generator_cpp: 3.1.6 (/opt/ros/humble/share/rosidl_generator_cpp/cmake)
[0.347s] -- Using all available rosidl_typesupport_c: rosidl_typesupport_fastrtps_c;rosidl_typesupport_introspection_c
[0.369s] -- Using all available rosidl_typesupport_cpp: rosidl_typesupport_fastrtps_cpp;rosidl_typesupport_introspection_cpp
[0.414s] -- Found rmw_implementation_cmake: 6.1.2 (/opt/ros/humble/share/rmw_implementation_cmake/cmake)
[0.416s] -- Found rmw_fastrtps_cpp: 6.2.7 (/opt/ros/humble/share/rmw_fastrtps_cpp/cmake)
[0.542s] -- Using RMW implementation 'rmw_fastrtps_cpp' as default
[0.657s] -- Found status_interfaces: 0.0.0 (/home/admin/Documents/ROS2/C3_4/install/status_interfaces/share/status_interfaces/cmake)
[0.707s] -- Found ament_lint_auto: 0.12.11 (/opt/ros/humble/share/ament_lint_auto/cmake)
[0.817s] -- Added test 'cppcheck' to perform static code analysis on C / C++ code
[0.817s] -- Configured cppcheck include dirs: 
[0.817s] -- Configured cppcheck exclude dirs and/or files: 
[0.818s] -- Added test 'lint_cmake' to check CMake code style
[0.819s] -- Added test 'uncrustify' to check C / C++ code style
[0.819s] -- Configured uncrustify additional arguments: 
[0.819s] -- Added test 'xmllint' to check XML markup files
[0.820s] -- Configuring done
[0.835s] -- Generating done
[0.840s] -- Build files have been written to: /home/admin/Documents/ROS2/C3_4/build/status_display
[0.877s] [35m[1mConsolidate compiler generated dependencies of target hello_qt[0m
[0.897s] [ 25%] [32mBuilding CXX object CMakeFiles/sys_status_display.dir/src/sys_status_display.cpp.o[0m
[0.899s] [ 50%] [32mBuilding CXX object CMakeFiles/hello_qt.dir/src/hello_qt.cpp.o[0m
[0.908s] [01m[K/home/admin/Documents/ROS2/C3_4/src/status_display/src/sys_status_display.cpp:1:10:[m[K [01;31m[Kfatal error: [m[KQApplication: No such file or directory
[0.908s]     1 | #include [01;31m[K<QApplication>[m[K
[0.908s]       |          [01;31m[K^~~~~~~~~~~~~~[m[K
[0.908s] compilation terminated.
[0.909s] gmake[2]: *** [CMakeFiles/sys_status_display.dir/build.make:76: CMakeFiles/sys_status_display.dir/src/sys_status_display.cpp.o] Error 1
[0.909s] gmake[1]: *** [CMakeFiles/Makefile2:165: CMakeFiles/sys_status_display.dir/all] Error 2
[0.910s] gmake[1]: *** Waiting for unfinished jobs....
[2.317s] [ 75%] [32m[1mLinking CXX executable hello_qt[0m
[2.333s] /usr/bin/ld: cannot find -lsys_status_display: No such file or directory
[2.689s] collect2: error: ld returned 1 exit status
[2.692s] gmake[2]: *** [CMakeFiles/hello_qt.dir/build.make:154: hello_qt] Error 1
[2.692s] gmake[1]: *** [CMakeFiles/Makefile2:139: CMakeFiles/hello_qt.dir/all] Error 2
[2.692s] gmake: *** [Makefile:146: all] Error 2
[2.697s] Invoked command in '/home/admin/Documents/ROS2/C3_4/build/status_display' returned '2': CMAKE_PREFIX_PATH=/home/admin/Documents/ROS2/C3_4/install/status_interfaces:/home/admin/Documents/ROS2/C3_4/install/status_display:/home/admin/Documents/ROS2/C3_4/install/status_publisher:/opt/ros/humble /usr/bin/cmake --build /home/admin/Documents/ROS2/C3_4/build/status_display -- -j8 -l8
