[0.009s] Invoking command in '/home/admin/Documents/ROS2/C4.1/build/chapt4_interfaces': CMAKE_PREFIX_PATH=/opt/ros/humble /usr/bin/cmake /home/admin/Documents/ROS2/C4.1/src/chapt4_interfaces -DCMAKE_INSTALL_PREFIX=/home/admin/Documents/ROS2/C4.1/install/chapt4_interfaces
[0.073s] -- The C compiler identification is GNU 11.4.0
[0.137s] -- The CXX compiler identification is GNU 11.4.0
[0.145s] -- Detecting C compiler ABI info
[0.231s] -- Detecting C compiler ABI info - done
[0.241s] -- Check for working C compiler: /usr/bin/cc - skipped
[0.241s] -- Detecting C compile features
[0.242s] -- Detecting C compile features - done
[0.245s] -- Detecting CXX compiler ABI info
[0.330s] -- Detecting CXX compiler ABI info - done
[0.343s] -- Check for working CXX compiler: /usr/bin/c++ - skipped
[0.343s] -- Detecting CXX compile features
[0.344s] -- Detecting CXX compile features - done
[0.346s] -- Found ament_cmake: 1.3.11 (/opt/ros/humble/share/ament_cmake/cmake)
[0.508s] -- Found Python3: /usr/bin/python3 (found version "3.10.12") found components: Interpreter 
[0.604s] -- Found sensor_msgs: 4.2.4 (/opt/ros/humble/share/sensor_msgs/cmake)
[0.647s] -- Found rosidl_generator_c: 3.1.6 (/opt/ros/humble/share/rosidl_generator_c/cmake)
[0.652s] -- Found rosidl_adapter: 3.1.6 (/opt/ros/humble/share/rosidl_adapter/cmake)
[0.659s] -- Found rosidl_generator_cpp: 3.1.6 (/opt/ros/humble/share/rosidl_generator_cpp/cmake)
[0.671s] -- Using all available rosidl_typesupport_c: rosidl_typesupport_fastrtps_c;rosidl_typesupport_introspection_c
[0.687s] -- Using all available rosidl_typesupport_cpp: rosidl_typesupport_fastrtps_cpp;rosidl_typesupport_introspection_cpp
[0.775s] -- Found rosidl_default_generators: 1.2.0 (/opt/ros/humble/share/rosidl_default_generators/cmake)
[1.139s] -- Found ament_cmake_ros: 0.10.0 (/opt/ros/humble/share/ament_cmake_ros/cmake)
[1.694s] -- Using all available rosidl_typesupport_c: rosidl_typesupport_fastrtps_c;rosidl_typesupport_introspection_c
[1.915s] -- Using all available rosidl_typesupport_cpp: rosidl_typesupport_fastrtps_cpp;rosidl_typesupport_introspection_cpp
[1.945s] -- Found PythonInterp: /usr/bin/python3 (found suitable version "3.10.12", minimum required is "3.6") 
[1.946s] -- Found python_cmake_module: 0.10.0 (/opt/ros/humble/share/python_cmake_module/cmake)
[1.974s] -- Found PythonLibs: /usr/lib/x86_64-linux-gnu/libpython3.10.so (found suitable version "3.10.12", minimum required is "3.5") 
[1.974s] -- Using PYTHON_EXECUTABLE: /usr/bin/python3
[1.974s] -- Using PYTHON_INCLUDE_DIRS: /usr/include/python3.10
[1.974s] -- Using PYTHON_LIBRARIES: /usr/lib/x86_64-linux-gnu/libpython3.10.so
[1.996s] -- Found PythonExtra: .so  
[2.088s] -- Found ament_lint_auto: 0.12.11 (/opt/ros/humble/share/ament_lint_auto/cmake)
[2.106s] -- Added test 'lint_cmake' to check CMake code style
[2.107s] -- Added test 'xmllint' to check XML markup files
[2.110s] -- Configuring done
[2.159s] -- Generating done
[2.172s] -- Build files have been written to: /home/admin/Documents/ROS2/C4.1/build/chapt4_interfaces
[2.184s] Invoked command in '/home/admin/Documents/ROS2/C4.1/build/chapt4_interfaces' returned '0': CMAKE_PREFIX_PATH=/opt/ros/humble /usr/bin/cmake /home/admin/Documents/ROS2/C4.1/src/chapt4_interfaces -DCMAKE_INSTALL_PREFIX=/home/admin/Documents/ROS2/C4.1/install/chapt4_interfaces
[2.186s] Invoking command in '/home/admin/Documents/ROS2/C4.1/build/chapt4_interfaces': CMAKE_PREFIX_PATH=/opt/ros/humble /usr/bin/cmake --build /home/admin/Documents/ROS2/C4.1/build/chapt4_interfaces -- -j8 -l8
[2.234s] [  3%] [34m[1mGenerating C code for ROS interfaces[0m
[2.249s] [  6%] [34m[1mGenerating C++ code for ROS interfaces[0m
[2.258s] [  6%] Built target ament_cmake_python_copy_chapt4_interfaces
[2.563s] running egg_info
[2.564s] creating chapt4_interfaces.egg-info
[2.564s] writing chapt4_interfaces.egg-info/PKG-INFO
[2.564s] writing dependency_links to chapt4_interfaces.egg-info/dependency_links.txt
[2.565s] writing top-level names to chapt4_interfaces.egg-info/top_level.txt
[2.565s] writing manifest file 'chapt4_interfaces.egg-info/SOURCES.txt'
[2.567s] reading manifest file 'chapt4_interfaces.egg-info/SOURCES.txt'
[2.568s] writing manifest file 'chapt4_interfaces.egg-info/SOURCES.txt'
[2.600s] [  6%] Built target ament_cmake_python_build_chapt4_interfaces_egg
[2.613s] [  6%] Built target chapt4_interfaces__cpp
[2.625s] [  9%] [34m[1mGenerating C++ type support dispatch for ROS interfaces[0m
[2.626s] [ 12%] [34m[1mGenerating C++ type support for eProsima Fast-RTPS[0m
[2.627s] [ 16%] [34m[1mGenerating C++ introspection for ROS interfaces[0m
[2.662s] [ 19%] [32mBuilding C object CMakeFiles/chapt4_interfaces__rosidl_generator_c.dir/rosidl_generator_c/chapt4_interfaces/srv/detail/face_detector__functions.c.o[0m
[2.687s] In file included from [01m[K/home/admin/Documents/ROS2/C4.1/build/chapt4_interfaces/rosidl_generator_c/chapt4_interfaces/srv/detail/face_detector__functions.h:19[m[K,
[2.687s]                  from [01m[K/home/admin/Documents/ROS2/C4.1/build/chapt4_interfaces/rosidl_generator_c/chapt4_interfaces/srv/detail/face_detector__functions.c:4[m[K:
[2.687s] [01m[K/home/admin/Documents/ROS2/C4.1/build/chapt4_interfaces/rosidl_generator_c/chapt4_interfaces/srv/detail/face_detector__struct.h:22:10:[m[K [01;31m[Kfatal error: [m[Ksensor_msg/msg/detail/image__struct.h: No such file or directory
[2.688s]    22 | #include [01;31m[K"sensor_msg/msg/detail/image__struct.h"[m[K
[2.688s]       |          [01;31m[K^~~~~~~~~~~~~~~~~~~~~~~~~~~~~~~~~~~~~~~[m[K
[2.688s] compilation terminated.
[2.688s] gmake[2]: *** [CMakeFiles/chapt4_interfaces__rosidl_generator_c.dir/build.make:195: CMakeFiles/chapt4_interfaces__rosidl_generator_c.dir/rosidl_generator_c/chapt4_interfaces/srv/detail/face_detector__functions.c.o] Error 1
[2.689s] gmake[1]: *** [CMakeFiles/Makefile2:213: CMakeFiles/chapt4_interfaces__rosidl_generator_c.dir/all] Error 2
[2.689s] gmake[1]: *** Waiting for unfinished jobs....
[2.988s] [ 22%] [32mBuilding CXX object CMakeFiles/chapt4_interfaces__rosidl_typesupport_cpp.dir/rosidl_typesupport_cpp/chapt4_interfaces/srv/face_detector__type_support.cpp.o[0m
[3.050s] [ 25%] [32mBuilding CXX object CMakeFiles/chapt4_interfaces__rosidl_typesupport_introspection_cpp.dir/rosidl_typesupport_introspection_cpp/chapt4_interfaces/srv/detail/face_detector__type_support.cpp.o[0m
[3.071s] [ 29%] [32mBuilding CXX object CMakeFiles/chapt4_interfaces__rosidl_typesupport_fastrtps_cpp.dir/rosidl_typesupport_fastrtps_cpp/chapt4_interfaces/srv/detail/dds_fastrtps/face_detector__type_support.cpp.o[0m
[3.072s] In file included from [01m[K/home/admin/Documents/ROS2/C4.1/build/chapt4_interfaces/rosidl_typesupport_cpp/chapt4_interfaces/srv/face_detector__type_support.cpp:7[m[K:
[3.072s] [01m[K/home/admin/Documents/ROS2/C4.1/build/chapt4_interfaces/rosidl_generator_cpp/chapt4_interfaces/srv/detail/face_detector__struct.hpp:20:10:[m[K [01;31m[Kfatal error: [m[Ksensor_msg/msg/detail/image__struct.hpp: No such file or directory
[3.072s]    20 | #include [01;31m[K"sensor_msg/msg/detail/image__struct.hpp"[m[K
[3.072s]       |          [01;31m[K^~~~~~~~~~~~~~~~~~~~~~~~~~~~~~~~~~~~~~~~~[m[K
[3.072s] compilation terminated.
[3.073s] gmake[2]: *** [CMakeFiles/chapt4_interfaces__rosidl_typesupport_cpp.dir/build.make:176: CMakeFiles/chapt4_interfaces__rosidl_typesupport_cpp.dir/rosidl_typesupport_cpp/chapt4_interfaces/srv/face_detector__type_support.cpp.o] Error 1
[3.073s] gmake[1]: *** [CMakeFiles/Makefile2:395: CMakeFiles/chapt4_interfaces__rosidl_typesupport_cpp.dir/all] Error 2
[3.139s] In file included from [01m[K/home/admin/Documents/ROS2/C4.1/build/chapt4_interfaces/rosidl_typesupport_introspection_cpp/chapt4_interfaces/srv/detail/face_detector__type_support.cpp:12[m[K:
[3.140s] [01m[K/home/admin/Documents/ROS2/C4.1/build/chapt4_interfaces/rosidl_generator_cpp/chapt4_interfaces/srv/detail/face_detector__struct.hpp:20:10:[m[K [01;31m[Kfatal error: [m[Ksensor_msg/msg/detail/image__struct.hpp: No such file or directory
[3.140s]    20 | #include [01;31m[K"sensor_msg/msg/detail/image__struct.hpp"[m[K
[3.140s]       |          [01;31m[K^~~~~~~~~~~~~~~~~~~~~~~~~~~~~~~~~~~~~~~~~[m[K
[3.140s] compilation terminated.
[3.142s] gmake[2]: *** [CMakeFiles/chapt4_interfaces__rosidl_typesupport_introspection_cpp.dir/build.make:181: CMakeFiles/chapt4_interfaces__rosidl_typesupport_introspection_cpp.dir/rosidl_typesupport_introspection_cpp/chapt4_interfaces/srv/detail/face_detector__type_support.cpp.o] Error 1
[3.142s] gmake[1]: *** [CMakeFiles/Makefile2:369: CMakeFiles/chapt4_interfaces__rosidl_typesupport_introspection_cpp.dir/all] Error 2
[3.164s] In file included from [01m[K/home/admin/Documents/ROS2/C4.1/build/chapt4_interfaces/rosidl_typesupport_fastrtps_cpp/chapt4_interfaces/srv/detail/face_detector__rosidl_typesupport_fastrtps_cpp.hpp:11[m[K,
[3.164s]                  from [01m[K/home/admin/Documents/ROS2/C4.1/build/chapt4_interfaces/rosidl_typesupport_fastrtps_cpp/chapt4_interfaces/srv/detail/dds_fastrtps/face_detector__type_support.cpp:4[m[K:
[3.164s] [01m[K/home/admin/Documents/ROS2/C4.1/build/chapt4_interfaces/rosidl_generator_cpp/chapt4_interfaces/srv/detail/face_detector__struct.hpp:20:10:[m[K [01;31m[Kfatal error: [m[Ksensor_msg/msg/detail/image__struct.hpp: No such file or directory
[3.164s]    20 | #include [01;31m[K"sensor_msg/msg/detail/image__struct.hpp"[m[K
[3.164s]       |          [01;31m[K^~~~~~~~~~~~~~~~~~~~~~~~~~~~~~~~~~~~~~~~~[m[K
[3.164s] compilation terminated.
[3.165s] gmake[2]: *** [CMakeFiles/chapt4_interfaces__rosidl_typesupport_fastrtps_cpp.dir/build.make:181: CMakeFiles/chapt4_interfaces__rosidl_typesupport_fastrtps_cpp.dir/rosidl_typesupport_fastrtps_cpp/chapt4_interfaces/srv/detail/dds_fastrtps/face_detector__type_support.cpp.o] Error 1
[3.165s] gmake[1]: *** [CMakeFiles/Makefile2:291: CMakeFiles/chapt4_interfaces__rosidl_typesupport_fastrtps_cpp.dir/all] Error 2
[3.165s] gmake: *** [Makefile:146: all] Error 2
[3.167s] Invoked command in '/home/admin/Documents/ROS2/C4.1/build/chapt4_interfaces' returned '2': CMAKE_PREFIX_PATH=/opt/ros/humble /usr/bin/cmake --build /home/admin/Documents/ROS2/C4.1/build/chapt4_interfaces -- -j8 -l8
