[0.017s] Invoking command in '/home/admin/Documents/ROS2/C3_1/build/demo_cpp_topic': CMAKE_PREFIX_PATH=${CMAKE_PREFIX_PATH}:/home/admin/Documents/ROS2/C3_1/install/demo_python_topic:/opt/ros/humble /usr/bin/cmake --build /home/admin/Documents/ROS2/C3_1/build/demo_cpp_topic -- -j8 -l8
[0.090s] [35m[1mConsolidate compiler generated dependencies of target turtle_circle[0m
[0.117s] [ 25%] [32mBuilding CXX object CMakeFiles/turtle_control.dir/src/turtle_control.cpp.o[0m
[0.131s] [01m[K/home/admin/Documents/ROS2/C3_1/learn_top/src/demo_cpp_topic/src/turtle_control.cpp:1:10:[m[K [01;31m[Kfatal error: [m[Krclcpp/rclcpp.hpp: No such file or directory
[0.131s]     1 | #include [01;31m[K<rclcpp/rclcpp.hpp>[m[K
[0.131s]       |          [01;31m[K^~~~~~~~~~~~~~~~~~~[m[K
[0.131s] compilation terminated.
[0.132s] gmake[2]: *** [CMakeFiles/turtle_control.dir/build.make:76: CMakeFiles/turtle_control.dir/src/turtle_control.cpp.o] Error 1
[0.132s] [ 75%] Built target turtle_circle
[0.132s] gmake[1]: *** [CMakeFiles/Makefile2:165: CMakeFiles/turtle_control.dir/all] Error 2
[0.132s] gmake[1]: *** Waiting for unfinished jobs....
[0.133s] gmake: *** [Makefile:146: all] Error 2
[0.366s] Invoked command in '/home/admin/Documents/ROS2/C3_1/build/demo_cpp_topic' returned '2': CMAKE_PREFIX_PATH=${CMAKE_PREFIX_PATH}:/home/admin/Documents/ROS2/C3_1/install/demo_python_topic:/opt/ros/humble /usr/bin/cmake --build /home/admin/Documents/ROS2/C3_1/build/demo_cpp_topic -- -j8 -l8
